2019-12-21 22:39:00,713 8142   [lding workspace] WARN  nternal.embedder.EclipseLogger  - Using platform encoding (GBK actually) to copy filtered resources, i.e. build is platform dependent!
2019-12-21 22:39:00,814 8243   [lding workspace] WARN  nternal.embedder.EclipseLogger  - Using platform encoding (GBK actually) to copy filtered resources, i.e. build is platform dependent!
2019-12-21 22:39:03,134 10563  [lding workspace] WARN  nternal.embedder.EclipseLogger  - Using platform encoding (GBK actually) to copy filtered resources, i.e. build is platform dependent!
2019-12-21 22:39:03,174 10603  [lding workspace] WARN  nternal.embedder.EclipseLogger  - Using platform encoding (GBK actually) to copy filtered resources, i.e. build is platform dependent!
2019-12-21 22:39:54,398 61827  [lding workspace] WARN  nternal.embedder.EclipseLogger  - Using platform encoding (GBK actually) to copy filtered resources, i.e. build is platform dependent!
2019-12-21 22:39:54,404 61833  [lding workspace] WARN  nternal.embedder.EclipseLogger  - Using platform encoding (GBK actually) to copy filtered resources, i.e. build is platform dependent!
2019-12-21 22:41:54,023 181452 [lding workspace] WARN  nternal.embedder.EclipseLogger  - Using platform encoding (GBK actually) to copy filtered resources, i.e. build is platform dependent!
2019-12-21 22:41:54,029 181458 [lding workspace] WARN  nternal.embedder.EclipseLogger  - Using platform encoding (GBK actually) to copy filtered resources, i.e. build is platform dependent!
2019-12-21 22:41:55,807 183236 [lding workspace] WARN  nternal.embedder.EclipseLogger  - Using platform encoding (GBK actually) to copy filtered resources, i.e. build is platform dependent!
2019-12-21 22:41:55,810 183239 [lding workspace] WARN  nternal.embedder.EclipseLogger  - Using platform encoding (GBK actually) to copy filtered resources, i.e. build is platform dependent!
2019-12-21 22:42:04,171 191600 [lding workspace] WARN  nternal.embedder.EclipseLogger  - Using platform encoding (GBK actually) to copy filtered resources, i.e. build is platform dependent!
2019-12-21 22:42:04,176 191605 [lding workspace] WARN  nternal.embedder.EclipseLogger  - Using platform encoding (GBK actually) to copy filtered resources, i.e. build is platform dependent!
2019-12-21 22:42:17,533 204962 [lding workspace] WARN  nternal.embedder.EclipseLogger  - Using platform encoding (GBK actually) to copy filtered resources, i.e. build is platform dependent!
2019-12-21 22:42:17,537 204966 [lding workspace] WARN  nternal.embedder.EclipseLogger  - Using platform encoding (GBK actually) to copy filtered resources, i.e. build is platform dependent!
2019-12-21 22:42:25,380 212809 [lding workspace] WARN  nternal.embedder.EclipseLogger  - Using platform encoding (GBK actually) to copy filtered resources, i.e. build is platform dependent!
2019-12-21 22:42:25,384 212813 [lding workspace] WARN  nternal.embedder.EclipseLogger  - Using platform encoding (GBK actually) to copy filtered resources, i.e. build is platform dependent!
2019-12-21 22:42:26,598 214027 [lding workspace] WARN  nternal.embedder.EclipseLogger  - Using platform encoding (GBK actually) to copy filtered resources, i.e. build is platform dependent!
2019-12-21 22:42:26,600 214029 [lding workspace] WARN  nternal.embedder.EclipseLogger  - Using platform encoding (GBK actually) to copy filtered resources, i.e. build is platform dependent!
2019-12-21 22:42:32,681 220110 [ndex::zip:0.0.0] WARN  menders.models.ModelRepository  - Failed to download org.eclipse.recommenders:index::zip:0.0.0
org.eclipse.aether.resolution.ArtifactResolutionException: Could not find artifact org.eclipse.recommenders:index:zip:0.0.0-SNAPSHOT in models (http://download.eclipse.org/recommenders/models/photon/)
	at org.eclipse.aether.internal.impl.DefaultArtifactResolver.resolve(DefaultArtifactResolver.java:453)
	at org.eclipse.aether.internal.impl.DefaultArtifactResolver.resolveArtifacts(DefaultArtifactResolver.java:255)
	at org.eclipse.aether.internal.impl.DefaultArtifactResolver.resolveArtifact(DefaultArtifactResolver.java:232)
	at org.eclipse.aether.internal.impl.DefaultRepositorySystem.resolveArtifact(DefaultRepositorySystem.java:303)
	at org.eclipse.recommenders.models.ModelRepository.resolveInternal(ModelRepository.java:193)
	at org.eclipse.recommenders.models.ModelRepository.resolve(ModelRepository.java:172)
	at org.eclipse.recommenders.internal.models.rcp.EclipseModelRepository.resolve(EclipseModelRepository.java:168)
	at org.eclipse.recommenders.internal.models.rcp.DownloadModelArchiveJob.run(DownloadModelArchiveJob.java:76)
	at org.eclipse.core.internal.jobs.Worker.run(Worker.java:63)
Caused by: org.eclipse.aether.transfer.ArtifactNotFoundException: Could not find artifact org.eclipse.recommenders:index:zip:0.0.0-SNAPSHOT in models (http://download.eclipse.org/recommenders/models/photon/)
	at org.eclipse.aether.connector.basic.ArtifactTransportListener.transferFailed(ArtifactTransportListener.java:48)
	at org.eclipse.aether.connector.basic.BasicRepositoryConnector$TaskRunner.run(BasicRepositoryConnector.java:364)
	at org.eclipse.aether.util.concurrency.RunnableErrorForwarder$1.run(RunnableErrorForwarder.java:76)
	at org.eclipse.aether.connector.basic.BasicRepositoryConnector$DirectExecutor.execute(BasicRepositoryConnector.java:590)
	at org.eclipse.aether.connector.basic.BasicRepositoryConnector.get(BasicRepositoryConnector.java:258)
	at org.eclipse.aether.internal.impl.DefaultArtifactResolver.performDownloads(DefaultArtifactResolver.java:529)
	at org.eclipse.aether.internal.impl.DefaultArtifactResolver.resolve(DefaultArtifactResolver.java:430)
	... 8 more
2019-12-21 22:43:12,318 259747 [lding workspace] WARN  nternal.embedder.EclipseLogger  - Using platform encoding (GBK actually) to copy filtered resources, i.e. build is platform dependent!
2019-12-21 22:43:12,321 259750 [lding workspace] WARN  nternal.embedder.EclipseLogger  - Using platform encoding (GBK actually) to copy filtered resources, i.e. build is platform dependent!
2019-12-21 22:43:28,028 275457 [lding workspace] WARN  nternal.embedder.EclipseLogger  - Using platform encoding (GBK actually) to copy filtered resources, i.e. build is platform dependent!
2019-12-21 22:43:28,031 275460 [lding workspace] WARN  nternal.embedder.EclipseLogger  - Using platform encoding (GBK actually) to copy filtered resources, i.e. build is platform dependent!
2019-12-21 22:43:44,762 292191 [lding workspace] WARN  nternal.embedder.EclipseLogger  - Using platform encoding (GBK actually) to copy filtered resources, i.e. build is platform dependent!
2019-12-21 22:43:44,766 292195 [lding workspace] WARN  nternal.embedder.EclipseLogger  - Using platform encoding (GBK actually) to copy filtered resources, i.e. build is platform dependent!
2019-12-21 22:44:05,074 312503 [lding workspace] WARN  nternal.embedder.EclipseLogger  - Using platform encoding (GBK actually) to copy filtered resources, i.e. build is platform dependent!
2019-12-21 22:44:05,077 312506 [lding workspace] WARN  nternal.embedder.EclipseLogger  - Using platform encoding (GBK actually) to copy filtered resources, i.e. build is platform dependent!
2019-12-21 22:44:11,362 318791 [lding workspace] WARN  nternal.embedder.EclipseLogger  - Using platform encoding (GBK actually) to copy filtered resources, i.e. build is platform dependent!
2019-12-21 22:44:11,364 318793 [lding workspace] WARN  nternal.embedder.EclipseLogger  - Using platform encoding (GBK actually) to copy filtered resources, i.e. build is platform dependent!
